<?xml version="1.0" encoding="UTF-8"?>
<testng-results ignored="0" total="3" passed="2" failed="1" skipped="0">
  <reporter-output>
  </reporter-output>
  <suite started-at="2022-04-06T13:47:04 IST" name="Suite" finished-at="2022-04-06T13:47:54 IST" duration-ms="50045">
    <groups>
    </groups>
    <test started-at="2022-04-06T13:47:04 IST" name="checknavigationbar" finished-at="2022-04-06T13:47:38 IST" duration-ms="34032">
      <class name="academy.checknavigationbar">
        <test-method is-config="true" signature="initialisedriver()[pri:0, instance:academy.checknavigationbar@36a5cabc]" started-at="2022-04-06T13:47:04 IST" name="initialisedriver" finished-at="2022-04-06T13:47:36 IST" duration-ms="32094" status="PASS">
          <reporter-output>
          </reporter-output>
        </test-method> <!-- initialisedriver -->
        <test-method signature="checknavbar()[pri:0, instance:academy.checknavigationbar@36a5cabc]" started-at="2022-04-06T13:47:36 IST" name="checknavbar" finished-at="2022-04-06T13:47:37 IST" duration-ms="600" status="PASS">
          <reporter-output>
          </reporter-output>
        </test-method> <!-- checknavbar -->
        <test-method is-config="true" signature="teadown()[pri:0, instance:academy.checknavigationbar@36a5cabc]" started-at="2022-04-06T13:47:37 IST" name="teadown" finished-at="2022-04-06T13:47:38 IST" duration-ms="1266" status="PASS">
          <reporter-output>
          </reporter-output>
        </test-method> <!-- teadown -->
      </class> <!-- academy.checknavigationbar -->
    </test> <!-- checknavigationbar -->
    <test started-at="2022-04-06T13:47:04 IST" name="getTitle" finished-at="2022-04-06T13:47:54 IST" duration-ms="50045">
      <class name="academy.gettitle">
        <test-method is-config="true" signature="initialisedriver()[pri:0, instance:academy.gettitle@7fbdb894]" started-at="2022-04-06T13:47:04 IST" name="initialisedriver" finished-at="2022-04-06T13:47:52 IST" duration-ms="47928" status="PASS">
          <reporter-output>
          </reporter-output>
        </test-method> <!-- initialisedriver -->
        <test-method signature="checktitle()[pri:0, instance:academy.gettitle@7fbdb894]" started-at="2022-04-06T13:47:52 IST" name="checktitle" finished-at="2022-04-06T13:47:52 IST" duration-ms="378" status="FAIL">
          <exception class="java.lang.AssertionError">
            <message>
              <![CDATA[expected [COURSES] but found [FEATURED COURSES]]]>
            </message>
            <full-stacktrace>
              <![CDATA[java.lang.AssertionError: expected [COURSES] but found [FEATURED COURSES]
at org.testng.Assert.fail(Assert.java:110)
at org.testng.Assert.failNotEquals(Assert.java:1413)
at org.testng.Assert.assertEqualsImpl(Assert.java:149)
at org.testng.Assert.assertEquals(Assert.java:131)
at org.testng.Assert.assertEquals(Assert.java:655)
at org.testng.Assert.assertEquals(Assert.java:665)
at academy.gettitle.checktitle(gettitle.java:40)
at java.base/jdk.internal.reflect.NativeMethodAccessorImpl.invoke0(Native Method)
at java.base/jdk.internal.reflect.NativeMethodAccessorImpl.invoke(NativeMethodAccessorImpl.java:62)
at java.base/jdk.internal.reflect.DelegatingMethodAccessorImpl.invoke(DelegatingMethodAccessorImpl.java:43)
at java.base/java.lang.reflect.Method.invoke(Method.java:566)
at org.testng.internal.invokers.MethodInvocationHelper.invokeMethod(MethodInvocationHelper.java:135)
at org.testng.internal.invokers.TestInvoker.invokeMethod(TestInvoker.java:673)
at org.testng.internal.invokers.TestInvoker.invokeTestMethod(TestInvoker.java:220)
at org.testng.internal.invokers.MethodRunner.runInSequence(MethodRunner.java:50)
at org.testng.internal.invokers.TestInvoker$MethodInvocationAgent.invoke(TestInvoker.java:945)
at org.testng.internal.invokers.TestInvoker.invokeTestMethods(TestInvoker.java:193)
at org.testng.internal.invokers.TestMethodWorker.invokeTestMethods(TestMethodWorker.java:146)
at org.testng.internal.invokers.TestMethodWorker.run(TestMethodWorker.java:128)
at java.base/java.util.ArrayList.forEach(ArrayList.java:1541)
at org.testng.TestRunner.privateRun(TestRunner.java:808)
at org.testng.TestRunner.run(TestRunner.java:603)
at org.testng.SuiteRunner.runTest(SuiteRunner.java:429)
at org.testng.SuiteRunner.access$000(SuiteRunner.java:32)
at org.testng.SuiteRunner$SuiteWorker.run(SuiteRunner.java:467)
at org.testng.internal.thread.ThreadUtil.lambda$execute$0(ThreadUtil.java:58)
at java.base/java.util.concurrent.FutureTask.run(FutureTask.java:264)
at java.base/java.util.concurrent.ThreadPoolExecutor.runWorker(ThreadPoolExecutor.java:1128)
at java.base/java.util.concurrent.ThreadPoolExecutor$Worker.run(ThreadPoolExecutor.java:628)
at java.base/java.lang.Thread.run(Thread.java:834)
]]>
            </full-stacktrace>
          </exception> <!-- java.lang.AssertionError -->
          <reporter-output>
          </reporter-output>
        </test-method> <!-- checktitle -->
        <test-method signature="validateHeader()[pri:0, instance:academy.gettitle@7fbdb894]" started-at="2022-04-06T13:47:53 IST" name="validateHeader" finished-at="2022-04-06T13:47:53 IST" duration-ms="43" status="PASS">
          <reporter-output>
          </reporter-output>
        </test-method> <!-- validateHeader -->
        <test-method is-config="true" signature="teadown()[pri:0, instance:academy.gettitle@7fbdb894]" started-at="2022-04-06T13:47:53 IST" name="teadown" finished-at="2022-04-06T13:47:54 IST" duration-ms="1151" status="PASS">
          <reporter-output>
          </reporter-output>
        </test-method> <!-- teadown -->
      </class> <!-- academy.gettitle -->
    </test> <!-- getTitle -->
  </suite> <!-- Suite -->
</testng-results>
